[20:10:01] [main/INFO]: Loading Minecraft 1.21.1 with Fabric Loader 0.16.14
[20:10:01] [main/INFO]: Fabric is preparing JARs on first launch, this may take a few seconds...
[20:10:01] [main/INFO]: Loading 4 mods:
	- fabricloader 0.16.14
	   \-- mixinextras 0.4.1
	- java 21
	- minecraft 1.21.1
[20:10:02] [main/INFO]: SpongePowered MIXIN Subsystem Version=0.8.7 Source=file:/C:/Users/sigon/AppData/Roaming/.minecraft/libraries/net/fabricmc/sponge-mixin/0.15.5+mixin.0.8.7/sponge-mixin-0.15.5+mixin.0.8.7.jar Service=Knot/Fabric Env=CLIENT
[20:10:04] [Datafixer Bootstrap/INFO]: 226 Datafixer optimizations took 681 milliseconds
[20:10:12] [Render thread/INFO]: Environment: Environment[sessionHost=https://sessionserver.mojang.com, servicesHost=https://api.minecraftservices.com, name=PROD]
[20:10:12] [Render thread/INFO]: Setting user: _SigonS_
[20:10:12] [Render thread/INFO]: Backend library: LWJGL version 3.3.3-snapshot
[20:10:14] [Render thread/INFO]: Reloading ResourceManager: vanilla
[20:10:14] [Worker-Main-13/INFO]: Found unifont_all_no_pua-15.1.05.hex, loading
[20:10:14] [Worker-Main-23/INFO]: Found unifont_jp_patch-15.1.05.hex, loading
[20:10:15] [Render thread/WARN]: Missing sound for event: minecraft:item.goat_horn.play
[20:10:15] [Render thread/WARN]: Missing sound for event: minecraft:entity.goat.screaming.horn_break
[20:10:15] [Render thread/INFO]: OpenAL initialized on device OpenAL Soft on Speakers (HyperX QuadCast S)
[20:10:15] [Render thread/INFO]: Sound engine started
[20:10:15] [Render thread/INFO]: Created: 1024x512x4 minecraft:textures/atlas/blocks.png-atlas
[20:10:15] [Render thread/INFO]: Created: 256x256x4 minecraft:textures/atlas/signs.png-atlas
[20:10:15] [Render thread/INFO]: Created: 512x512x4 minecraft:textures/atlas/banner_patterns.png-atlas
[20:10:15] [Render thread/INFO]: Created: 512x512x4 minecraft:textures/atlas/shield_patterns.png-atlas
[20:10:15] [Render thread/INFO]: Created: 1024x1024x4 minecraft:textures/atlas/armor_trims.png-atlas
[20:10:15] [Render thread/INFO]: Created: 256x256x4 minecraft:textures/atlas/chest.png-atlas
[20:10:15] [Render thread/INFO]: Created: 128x64x4 minecraft:textures/atlas/decorated_pot.png-atlas
[20:10:15] [Render thread/INFO]: Created: 512x256x4 minecraft:textures/atlas/beds.png-atlas
[20:10:15] [Render thread/INFO]: Created: 512x256x4 minecraft:textures/atlas/shulker_boxes.png-atlas
[20:10:15] [Render thread/INFO]: Created: 512x256x0 minecraft:textures/atlas/particles.png-atlas
[20:10:15] [Render thread/INFO]: Created: 512x256x0 minecraft:textures/atlas/paintings.png-atlas
[20:10:15] [Render thread/INFO]: Created: 256x128x0 minecraft:textures/atlas/mob_effects.png-atlas
[20:10:15] [Render thread/INFO]: Created: 64x64x0 minecraft:textures/atlas/map_decorations.png-atlas
[20:10:15] [Render thread/INFO]: Created: 1024x512x0 minecraft:textures/atlas/gui.png-atlas
[20:10:16] [Render thread/WARN]: Shader rendertype_entity_translucent_emissive could not find sampler named Sampler2 in the specified shader program.
[20:10:23] [Render thread/INFO]: Stopping!
